<?xml version="1.0" encoding="UTF-8"?>
<testng-results skipped="0" failed="0" ignored="0" total="4" passed="4">
  <reporter-output>
  </reporter-output>
  <suite name="Suite" duration-ms="99141" started-at="2018-03-13T12:06:54Z" finished-at="2018-03-13T12:08:33Z">
    <groups>
    </groups>
    <test name="FirefoxTest" duration-ms="56674" started-at="2018-03-13T12:06:54Z" finished-at="2018-03-13T12:07:51Z">
      <class name="tests.FlightBookingCheck">
        <test-method status="PASS" signature="openBrowser(java.lang.String)[pri:0, instance:tests.FlightBookingCheck@5e3a8624]" name="openBrowser" is-config="true" duration-ms="4335" started-at="2018-03-13T12:06:54Z" finished-at="2018-03-13T12:06:59Z">
          <params>
            <param index="0">
              <value>
                <![CDATA[Firefox]]>
              </value>
            </param>
          </params>
          <reporter-output>
          </reporter-output>
        </test-method> <!-- openBrowser -->
        <test-method status="PASS" signature="FlightBookingTest()[pri:1, instance:tests.FlightBookingCheck@5e3a8624]" name="FlightBookingTest" duration-ms="23310" started-at="2018-03-13T12:06:59Z" finished-at="2018-03-13T12:07:22Z">
          <reporter-output>
          </reporter-output>
        </test-method> <!-- FlightBookingTest -->
        <test-method status="PASS" signature="FlightBookingValidation()[pri:2, instance:tests.FlightBookingCheck@5e3a8624]" name="FlightBookingValidation" duration-ms="28273" started-at="2018-03-13T12:07:22Z" finished-at="2018-03-13T12:07:50Z">
          <reporter-output>
          </reporter-output>
        </test-method> <!-- FlightBookingValidation -->
        <test-method status="PASS" signature="closeBrowser()[pri:0, instance:tests.FlightBookingCheck@5e3a8624]" name="closeBrowser" is-config="true" duration-ms="734" started-at="2018-03-13T12:07:50Z" finished-at="2018-03-13T12:07:51Z">
          <reporter-output>
          </reporter-output>
        </test-method> <!-- closeBrowser -->
      </class> <!-- tests.FlightBookingCheck -->
    </test> <!-- FirefoxTest -->
    <test name="ChromeTest" duration-ms="42361" started-at="2018-03-13T12:07:51Z" finished-at="2018-03-13T12:08:33Z">
      <class name="tests.FlightBookingCheck">
        <test-method status="PASS" signature="openBrowser(java.lang.String)[pri:0, instance:tests.FlightBookingCheck@402a079c]" name="openBrowser" is-config="true" duration-ms="1967" started-at="2018-03-13T12:07:51Z" finished-at="2018-03-13T12:07:53Z">
          <params>
            <param index="0">
              <value>
                <![CDATA[chrome]]>
              </value>
            </param>
          </params>
          <reporter-output>
          </reporter-output>
        </test-method> <!-- openBrowser -->
        <test-method status="PASS" signature="FlightBookingTest()[pri:1, instance:tests.FlightBookingCheck@402a079c]" name="FlightBookingTest" duration-ms="24769" started-at="2018-03-13T12:07:53Z" finished-at="2018-03-13T12:08:18Z">
          <reporter-output>
          </reporter-output>
        </test-method> <!-- FlightBookingTest -->
        <test-method status="PASS" signature="FlightBookingValidation()[pri:2, instance:tests.FlightBookingCheck@402a079c]" name="FlightBookingValidation" duration-ms="15014" started-at="2018-03-13T12:08:18Z" finished-at="2018-03-13T12:08:33Z">
          <reporter-output>
          </reporter-output>
        </test-method> <!-- FlightBookingValidation -->
        <test-method status="PASS" signature="closeBrowser()[pri:0, instance:tests.FlightBookingCheck@402a079c]" name="closeBrowser" is-config="true" duration-ms="608" started-at="2018-03-13T12:08:33Z" finished-at="2018-03-13T12:08:33Z">
          <reporter-output>
          </reporter-output>
        </test-method> <!-- closeBrowser -->
      </class> <!-- tests.FlightBookingCheck -->
    </test> <!-- ChromeTest -->
  </suite> <!-- Suite -->
</testng-results>
